<?xml version="1.0" encoding="UTF-8"?>
<testsuite xmlns:xsi="http://www.w3.org/2001/XMLSchema-instance" xsi:noNamespaceSchemaLocation="https://maven.apache.org/surefire/maven-surefire-plugin/xsd/surefire-test-report-3.0.xsd" version="3.0" name="TestSuite" time="0.592" tests="4" errors="0" skipped="0" failures="0">
  <properties>
    <property name="sun.desktop" value="windows"/>
    <property name="awt.toolkit" value="sun.awt.windows.WToolkit"/>
    <property name="java.specification.version" value="11"/>
    <property name="sun.cpu.isalist" value="amd64"/>
    <property name="sun.jnu.encoding" value="Cp1252"/>
    <property name="java.class.path" value="C:\HCL\Explore\16Oct2021\kpcc\target\test-classes;C:\HCL\Explore\16Oct2021\kpcc\target\classes;C:\Users\91973\.m2\repository\org\seleniumhq\selenium\selenium-java\3.6.0\selenium-java-3.6.0.jar;C:\Users\91973\.m2\repository\org\seleniumhq\selenium\selenium-api\3.6.0\selenium-api-3.6.0.jar;C:\Users\91973\.m2\repository\org\seleniumhq\selenium\selenium-chrome-driver\3.6.0\selenium-chrome-driver-3.6.0.jar;C:\Users\91973\.m2\repository\org\seleniumhq\selenium\selenium-edge-driver\3.6.0\selenium-edge-driver-3.6.0.jar;C:\Users\91973\.m2\repository\org\seleniumhq\selenium\selenium-firefox-driver\3.6.0\selenium-firefox-driver-3.6.0.jar;C:\Users\91973\.m2\repository\org\seleniumhq\selenium\selenium-ie-driver\3.6.0\selenium-ie-driver-3.6.0.jar;C:\Users\91973\.m2\repository\org\seleniumhq\selenium\selenium-opera-driver\3.6.0\selenium-opera-driver-3.6.0.jar;C:\Users\91973\.m2\repository\org\seleniumhq\selenium\selenium-remote-driver\3.6.0\selenium-remote-driver-3.6.0.jar;C:\Users\91973\.m2\repository\org\seleniumhq\selenium\selenium-safari-driver\3.6.0\selenium-safari-driver-3.6.0.jar;C:\Users\91973\.m2\repository\org\seleniumhq\selenium\selenium-support\3.6.0\selenium-support-3.6.0.jar;C:\Users\91973\.m2\repository\net\bytebuddy\byte-buddy\1.7.5\byte-buddy-1.7.5.jar;C:\Users\91973\.m2\repository\org\apache\commons\commons-exec\1.3\commons-exec-1.3.jar;C:\Users\91973\.m2\repository\commons-codec\commons-codec\1.10\commons-codec-1.10.jar;C:\Users\91973\.m2\repository\commons-logging\commons-logging\1.2\commons-logging-1.2.jar;C:\Users\91973\.m2\repository\com\google\code\gson\gson\2.8.0\gson-2.8.0.jar;C:\Users\91973\.m2\repository\com\google\guava\guava\23.0\guava-23.0.jar;C:\Users\91973\.m2\repository\com\google\code\findbugs\jsr305\1.3.9\jsr305-1.3.9.jar;C:\Users\91973\.m2\repository\com\google\errorprone\error_prone_annotations\2.0.18\error_prone_annotations-2.0.18.jar;C:\Users\91973\.m2\repository\com\google\j2objc\j2objc-annotations\1.1\j2objc-annotations-1.1.jar;C:\Users\91973\.m2\repository\org\codehaus\mojo\animal-sniffer-annotations\1.14\animal-sniffer-annotations-1.14.jar;C:\Users\91973\.m2\repository\org\apache\httpcomponents\httpclient\4.5.3\httpclient-4.5.3.jar;C:\Users\91973\.m2\repository\org\apache\httpcomponents\httpcore\4.4.6\httpcore-4.4.6.jar;C:\Users\91973\.m2\repository\net\java\dev\jna\jna\4.1.0\jna-4.1.0.jar;C:\Users\91973\.m2\repository\net\java\dev\jna\jna-platform\4.1.0\jna-platform-4.1.0.jar;C:\Users\91973\.m2\repository\org\testng\testng\7.4.0\testng-7.4.0.jar;C:\Users\91973\.m2\repository\com\beust\jcommander\1.78\jcommander-1.78.jar;C:\Users\91973\.m2\repository\org\webjars\jquery\3.5.1\jquery-3.5.1.jar;C:\Users\91973\.m2\repository\io\rest-assured\rest-assured\3.0.5\rest-assured-3.0.5.jar;C:\Users\91973\.m2\repository\org\codehaus\groovy\groovy\2.4.9\groovy-2.4.9.jar;C:\Users\91973\.m2\repository\org\codehaus\groovy\groovy-xml\2.4.9\groovy-xml-2.4.9.jar;C:\Users\91973\.m2\repository\org\apache\httpcomponents\httpmime\4.5.1\httpmime-4.5.1.jar;C:\Users\91973\.m2\repository\org\hamcrest\hamcrest-core\1.3\hamcrest-core-1.3.jar;C:\Users\91973\.m2\repository\org\hamcrest\hamcrest-library\1.3\hamcrest-library-1.3.jar;C:\Users\91973\.m2\repository\org\ccil\cowan\tagsoup\tagsoup\1.2.1\tagsoup-1.2.1.jar;C:\Users\91973\.m2\repository\io\rest-assured\json-path\3.0.5\json-path-3.0.5.jar;C:\Users\91973\.m2\repository\org\codehaus\groovy\groovy-json\2.4.9\groovy-json-2.4.9.jar;C:\Users\91973\.m2\repository\io\rest-assured\rest-assured-common\3.0.5\rest-assured-common-3.0.5.jar;C:\Users\91973\.m2\repository\io\rest-assured\xml-path\3.0.5\xml-path-3.0.5.jar;C:\Users\91973\.m2\repository\io\appium\java-client\5.0.4\java-client-5.0.4.jar;C:\Users\91973\.m2\repository\cglib\cglib\3.2.5\cglib-3.2.5.jar;C:\Users\91973\.m2\repository\org\ow2\asm\asm\6.0_ALPHA\asm-6.0_ALPHA.jar;C:\Users\91973\.m2\repository\org\apache\ant\ant\1.9.6\ant-1.9.6.jar;C:\Users\91973\.m2\repository\org\apache\ant\ant-launcher\1.9.6\ant-launcher-1.9.6.jar;C:\Users\91973\.m2\repository\commons-validator\commons-validator\1.6\commons-validator-1.6.jar;C:\Users\91973\.m2\repository\commons-beanutils\commons-beanutils\1.9.2\commons-beanutils-1.9.2.jar;C:\Users\91973\.m2\repository\commons-digester\commons-digester\1.8.1\commons-digester-1.8.1.jar;C:\Users\91973\.m2\repository\commons-collections\commons-collections\3.2.2\commons-collections-3.2.2.jar;C:\Users\91973\.m2\repository\org\apache\commons\commons-lang3\3.6\commons-lang3-3.6.jar;C:\Users\91973\.m2\repository\commons-io\commons-io\2.5\commons-io-2.5.jar;C:\Users\91973\.m2\repository\org\springframework\spring-context\5.0.0.RELEASE\spring-context-5.0.0.RELEASE.jar;C:\Users\91973\.m2\repository\org\springframework\spring-aop\5.0.0.RELEASE\spring-aop-5.0.0.RELEASE.jar;C:\Users\91973\.m2\repository\org\springframework\spring-beans\5.0.0.RELEASE\spring-beans-5.0.0.RELEASE.jar;C:\Users\91973\.m2\repository\org\springframework\spring-core\5.0.0.RELEASE\spring-core-5.0.0.RELEASE.jar;C:\Users\91973\.m2\repository\org\springframework\spring-jcl\5.0.0.RELEASE\spring-jcl-5.0.0.RELEASE.jar;C:\Users\91973\.m2\repository\org\springframework\spring-expression\5.0.0.RELEASE\spring-expression-5.0.0.RELEASE.jar;C:\Users\91973\.m2\repository\org\aspectj\aspectjweaver\1.8.11\aspectjweaver-1.8.11.jar;C:\Users\91973\.m2\repository\org\openpnp\opencv\3.2.0-1\opencv-3.2.0-1.jar;"/>
    <property name="java.vm.vendor" value="Oracle Corporation"/>
    <property name="sun.arch.data.model" value="64"/>
    <property name="user.variant" value=""/>
    <property name="java.vendor.url" value="https://openjdk.java.net/"/>
    <property name="user.timezone" value="Asia/Calcutta"/>
    <property name="java.vm.specification.version" value="11"/>
    <property name="os.name" value="Windows 10"/>
    <property name="sun.java.launcher" value="SUN_STANDARD"/>
    <property name="user.country" value="IN"/>
    <property name="sun.boot.library.path" value="C:\Program Files\Java\jdk-11.0.12\bin"/>
    <property name="sun.java.command" value="C:\Users\91973\AppData\Local\Temp\surefire4773291793220929268\surefirebooter12045378770001705363.jar C:\Users\91973\AppData\Local\Temp\surefire4773291793220929268 2021-10-17T08-13-26_542-jvmRun1 surefire16138783778166743351tmp surefire_03654591241373322635tmp"/>
    <property name="jdk.debug" value="release"/>
    <property name="surefire.test.class.path" value="C:\HCL\Explore\16Oct2021\kpcc\target\test-classes;C:\HCL\Explore\16Oct2021\kpcc\target\classes;C:\Users\91973\.m2\repository\org\seleniumhq\selenium\selenium-java\3.6.0\selenium-java-3.6.0.jar;C:\Users\91973\.m2\repository\org\seleniumhq\selenium\selenium-api\3.6.0\selenium-api-3.6.0.jar;C:\Users\91973\.m2\repository\org\seleniumhq\selenium\selenium-chrome-driver\3.6.0\selenium-chrome-driver-3.6.0.jar;C:\Users\91973\.m2\repository\org\seleniumhq\selenium\selenium-edge-driver\3.6.0\selenium-edge-driver-3.6.0.jar;C:\Users\91973\.m2\repository\org\seleniumhq\selenium\selenium-firefox-driver\3.6.0\selenium-firefox-driver-3.6.0.jar;C:\Users\91973\.m2\repository\org\seleniumhq\selenium\selenium-ie-driver\3.6.0\selenium-ie-driver-3.6.0.jar;C:\Users\91973\.m2\repository\org\seleniumhq\selenium\selenium-opera-driver\3.6.0\selenium-opera-driver-3.6.0.jar;C:\Users\91973\.m2\repository\org\seleniumhq\selenium\selenium-remote-driver\3.6.0\selenium-remote-driver-3.6.0.jar;C:\Users\91973\.m2\repository\org\seleniumhq\selenium\selenium-safari-driver\3.6.0\selenium-safari-driver-3.6.0.jar;C:\Users\91973\.m2\repository\org\seleniumhq\selenium\selenium-support\3.6.0\selenium-support-3.6.0.jar;C:\Users\91973\.m2\repository\net\bytebuddy\byte-buddy\1.7.5\byte-buddy-1.7.5.jar;C:\Users\91973\.m2\repository\org\apache\commons\commons-exec\1.3\commons-exec-1.3.jar;C:\Users\91973\.m2\repository\commons-codec\commons-codec\1.10\commons-codec-1.10.jar;C:\Users\91973\.m2\repository\commons-logging\commons-logging\1.2\commons-logging-1.2.jar;C:\Users\91973\.m2\repository\com\google\code\gson\gson\2.8.0\gson-2.8.0.jar;C:\Users\91973\.m2\repository\com\google\guava\guava\23.0\guava-23.0.jar;C:\Users\91973\.m2\repository\com\google\code\findbugs\jsr305\1.3.9\jsr305-1.3.9.jar;C:\Users\91973\.m2\repository\com\google\errorprone\error_prone_annotations\2.0.18\error_prone_annotations-2.0.18.jar;C:\Users\91973\.m2\repository\com\google\j2objc\j2objc-annotations\1.1\j2objc-annotations-1.1.jar;C:\Users\91973\.m2\repository\org\codehaus\mojo\animal-sniffer-annotations\1.14\animal-sniffer-annotations-1.14.jar;C:\Users\91973\.m2\repository\org\apache\httpcomponents\httpclient\4.5.3\httpclient-4.5.3.jar;C:\Users\91973\.m2\repository\org\apache\httpcomponents\httpcore\4.4.6\httpcore-4.4.6.jar;C:\Users\91973\.m2\repository\net\java\dev\jna\jna\4.1.0\jna-4.1.0.jar;C:\Users\91973\.m2\repository\net\java\dev\jna\jna-platform\4.1.0\jna-platform-4.1.0.jar;C:\Users\91973\.m2\repository\org\testng\testng\7.4.0\testng-7.4.0.jar;C:\Users\91973\.m2\repository\com\beust\jcommander\1.78\jcommander-1.78.jar;C:\Users\91973\.m2\repository\org\webjars\jquery\3.5.1\jquery-3.5.1.jar;C:\Users\91973\.m2\repository\io\rest-assured\rest-assured\3.0.5\rest-assured-3.0.5.jar;C:\Users\91973\.m2\repository\org\codehaus\groovy\groovy\2.4.9\groovy-2.4.9.jar;C:\Users\91973\.m2\repository\org\codehaus\groovy\groovy-xml\2.4.9\groovy-xml-2.4.9.jar;C:\Users\91973\.m2\repository\org\apache\httpcomponents\httpmime\4.5.1\httpmime-4.5.1.jar;C:\Users\91973\.m2\repository\org\hamcrest\hamcrest-core\1.3\hamcrest-core-1.3.jar;C:\Users\91973\.m2\repository\org\hamcrest\hamcrest-library\1.3\hamcrest-library-1.3.jar;C:\Users\91973\.m2\repository\org\ccil\cowan\tagsoup\tagsoup\1.2.1\tagsoup-1.2.1.jar;C:\Users\91973\.m2\repository\io\rest-assured\json-path\3.0.5\json-path-3.0.5.jar;C:\Users\91973\.m2\repository\org\codehaus\groovy\groovy-json\2.4.9\groovy-json-2.4.9.jar;C:\Users\91973\.m2\repository\io\rest-assured\rest-assured-common\3.0.5\rest-assured-common-3.0.5.jar;C:\Users\91973\.m2\repository\io\rest-assured\xml-path\3.0.5\xml-path-3.0.5.jar;C:\Users\91973\.m2\repository\io\appium\java-client\5.0.4\java-client-5.0.4.jar;C:\Users\91973\.m2\repository\cglib\cglib\3.2.5\cglib-3.2.5.jar;C:\Users\91973\.m2\repository\org\ow2\asm\asm\6.0_ALPHA\asm-6.0_ALPHA.jar;C:\Users\91973\.m2\repository\org\apache\ant\ant\1.9.6\ant-1.9.6.jar;C:\Users\91973\.m2\repository\org\apache\ant\ant-launcher\1.9.6\ant-launcher-1.9.6.jar;C:\Users\91973\.m2\repository\commons-validator\commons-validator\1.6\commons-validator-1.6.jar;C:\Users\91973\.m2\repository\commons-beanutils\commons-beanutils\1.9.2\commons-beanutils-1.9.2.jar;C:\Users\91973\.m2\repository\commons-digester\commons-digester\1.8.1\commons-digester-1.8.1.jar;C:\Users\91973\.m2\repository\commons-collections\commons-collections\3.2.2\commons-collections-3.2.2.jar;C:\Users\91973\.m2\repository\org\apache\commons\commons-lang3\3.6\commons-lang3-3.6.jar;C:\Users\91973\.m2\repository\commons-io\commons-io\2.5\commons-io-2.5.jar;C:\Users\91973\.m2\repository\org\springframework\spring-context\5.0.0.RELEASE\spring-context-5.0.0.RELEASE.jar;C:\Users\91973\.m2\repository\org\springframework\spring-aop\5.0.0.RELEASE\spring-aop-5.0.0.RELEASE.jar;C:\Users\91973\.m2\repository\org\springframework\spring-beans\5.0.0.RELEASE\spring-beans-5.0.0.RELEASE.jar;C:\Users\91973\.m2\repository\org\springframework\spring-core\5.0.0.RELEASE\spring-core-5.0.0.RELEASE.jar;C:\Users\91973\.m2\repository\org\springframework\spring-jcl\5.0.0.RELEASE\spring-jcl-5.0.0.RELEASE.jar;C:\Users\91973\.m2\repository\org\springframework\spring-expression\5.0.0.RELEASE\spring-expression-5.0.0.RELEASE.jar;C:\Users\91973\.m2\repository\org\aspectj\aspectjweaver\1.8.11\aspectjweaver-1.8.11.jar;C:\Users\91973\.m2\repository\org\openpnp\opencv\3.2.0-1\opencv-3.2.0-1.jar;"/>
    <property name="sun.cpu.endian" value="little"/>
    <property name="user.home" value="C:\Users\91973"/>
    <property name="user.language" value="en"/>
    <property name="java.specification.vendor" value="Oracle Corporation"/>
    <property name="java.version.date" value="2021-07-20"/>
    <property name="java.home" value="C:\Program Files\Java\jdk-11.0.12"/>
    <property name="file.separator" value="\"/>
    <property name="basedir" value="C:\HCL\Explore\16Oct2021\kpcc"/>
    <property name="java.vm.compressedOopsMode" value="Zero based"/>
    <property name="line.separator" value="&#10;"/>
    <property name="java.specification.name" value="Java Platform API Specification"/>
    <property name="java.vm.specification.vendor" value="Oracle Corporation"/>
    <property name="java.awt.graphicsenv" value="sun.awt.Win32GraphicsEnvironment"/>
    <property name="surefire.real.class.path" value="C:\Users\91973\AppData\Local\Temp\surefire4773291793220929268\surefirebooter12045378770001705363.jar"/>
    <property name="user.script" value=""/>
    <property name="sun.management.compiler" value="HotSpot 64-Bit Tiered Compilers"/>
    <property name="java.runtime.version" value="11.0.12+8-LTS-237"/>
    <property name="user.name" value="91973"/>
    <property name="path.separator" value=";"/>
    <property name="os.version" value="10.0"/>
    <property name="java.runtime.name" value="Java(TM) SE Runtime Environment"/>
    <property name="file.encoding" value="Cp1252"/>
    <property name="java.vm.name" value="Java HotSpot(TM) 64-Bit Server VM"/>
    <property name="java.vendor.version" value="18.9"/>
    <property name="localRepository" value="C:\Users\91973\.m2\repository"/>
    <property name="java.vendor.url.bug" value="https://bugreport.java.com/bugreport/"/>
    <property name="java.io.tmpdir" value="C:\Users\91973\AppData\Local\Temp\"/>
    <property name="java.version" value="11.0.12"/>
    <property name="user.dir" value="C:\HCL\Explore\16Oct2021\kpcc"/>
    <property name="os.arch" value="amd64"/>
    <property name="java.vm.specification.name" value="Java Virtual Machine Specification"/>
    <property name="java.awt.printerjob" value="sun.awt.windows.WPrinterJob"/>
    <property name="sun.os.patch.level" value=""/>
    <property name="java.library.path" value="C:\Program Files\Java\jdk-11.0.12\bin;C:\Windows\Sun\Java\bin;C:\Windows\system32;C:\Windows;C:\Tools\Python\Scripts\;C:\Tools\Python\;C:\Program Files\Common Files\Oracle\Java\javapath;C:\Program Files (x86)\Common Files\Oracle\Java\javapath;C:\Windows\system32;C:\Windows;C:\Windows\System32\Wbem;C:\Windows\System32\WindowsPowerShell\v1.0\;C:\Windows\System32\OpenSSH\;C:\Program Files\Git\cmd;C:\Users\91973\AppData\Local\Android\Sdk\platform-tools;C:\Tools\AndroidOne;C:\Tools\AndroidOne\platform-tools;C:\Tools\Python\Scripts;C:\Tools\Maven\apache-maven-3.8.1\bin;C:\Tools\automation\drivers;C:\Program Files\Tableau\Tableau Resource Monitoring Tool\prerequisites\rabbitmq\sbin;C:\Program Files\Tableau\Tableau Resource Monitoring Tool\prerequisites\postgresql12\bin;C:\Program Files\Java\jre1.8.0_291\lib\ext;C:\Program Files\Docker\Docker\resources\bin;C:\ProgramData\DockerDesktop\version-bin;C:\Tools\Helm;C:\Program Files\MySQL\MySQL Shell 8.0\bin\;C:\Users\91973\AppData\Local\Microsoft\WindowsApps;C:\Users\91973\AppData\Local\GitHubDesktop\bin;C:\Users\91973\AppData\Local\Android\Sdk\platform-tools;C:\Tools\AndroidOne;C:\Tools\AndroidOne\platform-tools;C:\Tools\IntelliJ\IDEA\bin;;C:\Tools\Python\Scripts;C:\Tools\automation\drivers;C:\Program Files\Java\jre1.8.0_291\lib\ext;;."/>
    <property name="java.vendor" value="Oracle Corporation"/>
    <property name="java.vm.info" value="mixed mode"/>
    <property name="java.vm.version" value="11.0.12+8-LTS-237"/>
    <property name="sun.io.unicode.encoding" value="UnicodeLittle"/>
    <property name="java.class.version" value="55.0"/>
  </properties>
  <testcase name="deleteTwitter" classname="Automation.kpcc.RESTAPITest" time="0.007">
    <system-out><![CDATA[deleteTwitter
]]></system-out>
  </testcase>
  <testcase name="postJira" classname="Automation.kpcc.RESTAPITest" time="0.001">
    <system-out><![CDATA[postJira
]]></system-out>
  </testcase>
  <testcase name="BrowserAUtomation" classname="Automation.kpcc.SeleniumTest" time="0.002">
    <system-out><![CDATA[BrowserAUtomation
]]></system-out>
  </testcase>
  <testcase name="elementsUi" classname="Automation.kpcc.SeleniumTest" time="0.001">
    <system-out><![CDATA[elementsUi
]]></system-out>
  </testcase>
</testsuite>