<?xml version="1.0" encoding="UTF-8"?>
<!-- Generated by org.testng.reporters.JUnitReportReporter -->
<testsuite hostname="DESKTOP-HVLADVB" failures="0" tests="2" name="Automation.kpcc.AppiumTest" time="0.001" errors="0" timestamp="2021-10-17T08:13:13 IST" skipped="0">
  <testcase classname="Automation.kpcc.AppiumTest" name="IOSApps" time="0.000"/>
  <system-out/>
  <testcase classname="Automation.kpcc.AppiumTest" name="NativeAPpAndroid" time="0.001"/>
  <system-out/>
</testsuite> <!-- Automation.kpcc.AppiumTest -->
