<?xml version="1.0" encoding="UTF-8"?>
<!-- Generated by org.testng.reporters.JUnitReportReporter -->
<testsuite hostname="DESKTOP-HVLADVB" failures="0" tests="2" name="Automation.kpcc.RESTAPITest" time="0.004" errors="0" timestamp="2021-10-17T08:13:28 IST" skipped="0">
  <testcase classname="Automation.kpcc.RESTAPITest" name="postJira" time="0.000"/>
  <system-out/>
  <testcase classname="Automation.kpcc.RESTAPITest" name="deleteTwitter" time="0.004"/>
  <system-out/>
</testsuite> <!-- Automation.kpcc.RESTAPITest -->
