<?xml version="1.0" encoding="UTF-8"?>
<!-- Generated by org.testng.reporters.JUnitReportReporter -->
<testsuite hostname="DESKTOP-HVLADVB" failures="0" tests="2" name="Automation.kpcc.SeleniumTest" time="0.000" errors="0" timestamp="2021-10-17T08:13:28 IST" skipped="0">
  <testcase classname="Automation.kpcc.SeleniumTest" name="BrowserAUtomation" time="0.000"/>
  <system-out/>
  <testcase classname="Automation.kpcc.SeleniumTest" name="elementsUi" time="0.000"/>
  <system-out/>
</testsuite> <!-- Automation.kpcc.SeleniumTest -->
